<?xml version="1.0" encoding="UTF-8"?>
<!-- Generated by org.testng.reporters.JUnitXMLReporter -->
<testsuite hostname="Admin-PC" name="Default test" tests="3" failures="0" timestamp="25 Dec 2018 17:44:30 GMT" time="18.265" errors="0">
  <testcase name="TC_GoogleSearch" time="3.532" classname="TestNGpack.DataProviderEx"/>
  <testcase name="TC_GoogleSearch" time="3.339" classname="TestNGpack.DataProviderEx"/>
  <testcase name="TC_GoogleSearch" time="3.248" classname="TestNGpack.DataProviderEx"/>
</testsuite> <!-- Default test -->
