<?xml version="1.0" encoding="UTF-8"?>
<!-- Generated by org.testng.reporters.JUnitXMLReporter -->
<testsuite hostname="Main" name="Test1" tests="6" failures="0" timestamp="16 Mar 2018 04:15:23 GMT" time="7.3" errors="0">
  <testcase name="tc1" time="0.005" classname="TestNGpack.Class1"/>
  <testcase name="tc2" time="0.0" classname="TestNGpack.Class1"/>
  <testcase name="tc3" time="0.001" classname="TestNGpack.Class2"/>
  <testcase name="TC1" time="1.91" classname="TestNGPack2.Class1"/>
  <testcase name="TC4" time="0.002" classname="TestNGPack2.Class2"/>
  <testcase name="TC5" time="0.003" classname="TestNGPack2.Class2"/>
</testsuite> <!-- Test1 -->
